Determining if the pthread_create exist failed with the following output:
Change Dir: /media/grom/SanDisk_128/Facultad/2018-1C-AyED2/TPs/TP3/TP-3/cmake-build-debug/CMakeFiles/CMakeTmp

Run Build Command:"/usr/bin/make" "cmTC_c39a5/fast"
/usr/bin/make -f CMakeFiles/cmTC_c39a5.dir/build.make CMakeFiles/cmTC_c39a5.dir/build
make[1]: Entering directory '/media/grom/SanDisk_128/Facultad/2018-1C-AyED2/TPs/TP3/TP-3/cmake-build-debug/CMakeFiles/CMakeTmp'
Building C object CMakeFiles/cmTC_c39a5.dir/CheckSymbolExists.c.o
/usr/bin/cc    -o CMakeFiles/cmTC_c39a5.dir/CheckSymbolExists.c.o   -c /media/grom/SanDisk_128/Facultad/2018-1C-AyED2/TPs/TP3/TP-3/cmake-build-debug/CMakeFiles/CMakeTmp/CheckSymbolExists.c
Linking C executable cmTC_c39a5
/home/grom/Programas/clion-2017.3/bin/cmake/bin/cmake -E cmake_link_script CMakeFiles/cmTC_c39a5.dir/link.txt --verbose=1
/usr/bin/cc      -rdynamic CMakeFiles/cmTC_c39a5.dir/CheckSymbolExists.c.o  -o cmTC_c39a5 
CMakeFiles/cmTC_c39a5.dir/CheckSymbolExists.c.o: In function `main':
CheckSymbolExists.c:(.text+0x16): undefined reference to `pthread_create'
collect2: error: ld returned 1 exit status
CMakeFiles/cmTC_c39a5.dir/build.make:97: recipe for target 'cmTC_c39a5' failed
make[1]: *** [cmTC_c39a5] Error 1
make[1]: Leaving directory '/media/grom/SanDisk_128/Facultad/2018-1C-AyED2/TPs/TP3/TP-3/cmake-build-debug/CMakeFiles/CMakeTmp'
Makefile:126: recipe for target 'cmTC_c39a5/fast' failed
make: *** [cmTC_c39a5/fast] Error 2

File /media/grom/SanDisk_128/Facultad/2018-1C-AyED2/TPs/TP3/TP-3/cmake-build-debug/CMakeFiles/CMakeTmp/CheckSymbolExists.c:
/* */
#include <pthread.h>

int main(int argc, char** argv)
{
  (void)argv;
#ifndef pthread_create
  return ((int*)(&pthread_create))[argc];
#else
  (void)argc;
  return 0;
#endif
}

Determining if the function pthread_create exists in the pthreads failed with the following output:
Change Dir: /media/grom/SanDisk_128/Facultad/2018-1C-AyED2/TPs/TP3/TP-3/cmake-build-debug/CMakeFiles/CMakeTmp

Run Build Command:"/usr/bin/make" "cmTC_dfe0c/fast"
/usr/bin/make -f CMakeFiles/cmTC_dfe0c.dir/build.make CMakeFiles/cmTC_dfe0c.dir/build
make[1]: Entering directory '/media/grom/SanDisk_128/Facultad/2018-1C-AyED2/TPs/TP3/TP-3/cmake-build-debug/CMakeFiles/CMakeTmp'
Building C object CMakeFiles/cmTC_dfe0c.dir/CheckFunctionExists.c.o
/usr/bin/cc   -DCHECK_FUNCTION_EXISTS=pthread_create   -o CMakeFiles/cmTC_dfe0c.dir/CheckFunctionExists.c.o   -c /home/grom/Programas/clion-2017.3/bin/cmake/share/cmake-3.9/Modules/CheckFunctionExists.c
Linking C executable cmTC_dfe0c
/home/grom/Programas/clion-2017.3/bin/cmake/bin/cmake -E cmake_link_script CMakeFiles/cmTC_dfe0c.dir/link.txt --verbose=1
/usr/bin/cc  -DCHECK_FUNCTION_EXISTS=pthread_create    -rdynamic CMakeFiles/cmTC_dfe0c.dir/CheckFunctionExists.c.o  -o cmTC_dfe0c -lpthreads 
/usr/bin/ld: cannot find -lpthreads
collect2: error: ld returned 1 exit status
CMakeFiles/cmTC_dfe0c.dir/build.make:97: recipe for target 'cmTC_dfe0c' failed
make[1]: *** [cmTC_dfe0c] Error 1
make[1]: Leaving directory '/media/grom/SanDisk_128/Facultad/2018-1C-AyED2/TPs/TP3/TP-3/cmake-build-debug/CMakeFiles/CMakeTmp'
Makefile:126: recipe for target 'cmTC_dfe0c/fast' failed
make: *** [cmTC_dfe0c/fast] Error 2


